---------------------------------------------------------------------
 searching categories for globalnews
 Latest National Video
 Global National
 Everyday Hero
 Global National Mandarin
 16x9
 Season 8
 Season 7
 Season 6
 Season 5
 Season 4
 Season 3
 Season 2
 Extras
 The West Block
 The Morning Show
 Canada
 World
 Money
 Politics
 Health
 Technology
 Sports
 Entertainment
 Weather
 Online Exclusive
 no ep found, searching againg categories for globalnews
 search episodes for globalnews/Extras
 ---------------------------------------------------------------------
 searching categories for globalnews
 Latest National Video
 Global National
 Everyday Hero
 Global National Mandarin
 16x9
 Season 8
 Season 7
 Season 6
 Season 5
 Season 4
 Season 3
 Season 2
 Extras
 The West Block
 The Morning Show
 Canada
 World
 Money
 Politics
 Health
 Technology
 Sports
 Entertainment
 Weather
 Online Exclusive
 no ep found, searching againg categories for globalnews
 search episodes for globalnews/The West Block
 episode incorrect : globalnews-The West Block-The West Block-The West Block: Jan 21
 ---------------------------------------------------------------------
 searching categories for globalnews
 Latest National Video
 Global National
 Everyday Hero
 Global National Mandarin
 16x9
 Season 8
 Season 7
 Season 6
 Season 5
 Season 4
 Season 3
 Season 2
 Extras
 The West Block
 The Morning Show
 Canada
 World
 Money
 Politics
 Health
 Technology
 Sports
 Entertainment
 Weather
 Online Exclusive
 no ep found, searching againg categories for globalnews
 search episodes for globalnews/The West Block
 episode incorrect : globalnews-The West Block-The West Block: Jan 21
 ---------------------------------------------------------------------
 searching categories for globalnews
 Latest National Video
 Global National
 Everyday Hero
 Global National Mandarin
 16x9
 Season 8
 Season 7
 Season 6
 Season 5
 Season 4
 Season 3
 Season 2
 Extras
 The West Block
 The Morning Show
 Canada
 World
 Money
 Politics
 Health
 Technology
 Sports
 Entertainment
 Weather
 Online Exclusive
 no ep found, searching againg categories for globalnews
 search episodes for globalnews/Season 3
 ---------------------------------------------------------------------
 searching categories for globalnews
 Latest National Video
 Global National
 Everyday Hero
 Global National Mandarin
 16x9
 Season 8
 Season 7
 Season 6
 Season 5
 Season 4
 Season 3
 Season 2
 Extras
 The West Block
 The Morning Show
 Canada
 World
 Money
 Politics
 Health
 Technology
 Sports
 Entertainment
 Weather
 Online Exclusive
 no ep found, searching againg categories for globalnews
 search episodes for globalnews/The West Block
 episode found globalnews-The West Block-Food for Thought with Nathan Cullen
 episode id https://globalnews.ca/video/3939771/food-for-thought-with-nathan-cullen
 download of DownloadParamDTO [downloadInput=http://link.theplatform.com/s/dtjsEC/media/SuUYJElPI7lT?formats=MPEG4, downloadOutput=Food for Thought with Nathan Cullen, extension=mp4, params={}] 
 ---------------------------------------------------------------------
 searching categories for globalnews
 Latest National Video
 Global National
 Everyday Hero
 Global National Mandarin
 16x9
 Season 8
 Season 7
 Season 6
 Season 5
 Season 4
 Season 3
 Season 2
 Extras
 The West Block
 The Morning Show
 Canada
 World
 Money
 Politics
 Health
 Technology
 Sports
 Entertainment
 Weather
 Online Exclusive
 no ep found, searching againg categories for globalnews
 search episodes for globalnews/Everyday Hero
 episode found globalnews-Everyday Hero-Ottawa professor yields success from unconventional ideas
 episode id https://globalnews.ca/video/3302847/ottawa-professor-yields-success-from-unconventional-ideas
 download of DownloadParamDTO [downloadInput=http://link.theplatform.com/s/dtjsEC/media/SuUYJElPI7lT?formats=MPEG4, downloadOutput=Ottawa professor yields success from unconventional ideas, extension=mp4, params={}] 
 